Determining if the function sgemm_ exists failed with the following output:
Change Dir: /mnt/c/Users/LENOVO/Documents/新建文件夹/build/build/CMakeFiles/CMakeTmp

Run Build Command(s):/usr/bin/make cmTC_33532/fast && make: Warning: File 'Makefile' has modification time 2.1 s in the future
/usr/bin/make -f CMakeFiles/cmTC_33532.dir/build.make CMakeFiles/cmTC_33532.dir/build
make[1]: Entering directory '/mnt/c/Users/LENOVO/Documents/新建文件夹/build/build/CMakeFiles/CMakeTmp'
make[1]: Warning: File 'CMakeFiles/cmTC_33532.dir/flags.make' has modification time 2 s in the future
Building C object CMakeFiles/cmTC_33532.dir/CheckFunctionExists.c.o
/usr/bin/cc   -DCHECK_FUNCTION_EXISTS=sgemm_   -o CMakeFiles/cmTC_33532.dir/CheckFunctionExists.c.o   -c /usr/share/cmake-3.16/Modules/CheckFunctionExists.c
Linking C executable cmTC_33532
/usr/bin/cmake -E cmake_link_script CMakeFiles/cmTC_33532.dir/link.txt --verbose=1
/usr/bin/cc  -DCHECK_FUNCTION_EXISTS=sgemm_    -rdynamic CMakeFiles/cmTC_33532.dir/CheckFunctionExists.c.o  -o cmTC_33532 
/usr/bin/ld: CMakeFiles/cmTC_33532.dir/CheckFunctionExists.c.o: in function `main':
CheckFunctionExists.c:(.text+0x14): undefined reference to `sgemm_'
collect2: error: ld returned 1 exit status
make[1]: *** [CMakeFiles/cmTC_33532.dir/build.make:87: cmTC_33532] Error 1
make[1]: Leaving directory '/mnt/c/Users/LENOVO/Documents/新建文件夹/build/build/CMakeFiles/CMakeTmp'
make: *** [Makefile:121: cmTC_33532/fast] Error 2



Performing C SOURCE FILE Test CMAKE_HAVE_LIBC_PTHREAD failed with the following output:
Change Dir: /mnt/c/Users/LENOVO/Documents/新建文件夹/build/build/CMakeFiles/CMakeTmp

Run Build Command(s):/usr/bin/make cmTC_5f2f8/fast && make: Warning: File 'Makefile' has modification time 1.9 s in the future
/usr/bin/make -f CMakeFiles/cmTC_5f2f8.dir/build.make CMakeFiles/cmTC_5f2f8.dir/build
make[1]: Entering directory '/mnt/c/Users/LENOVO/Documents/新建文件夹/build/build/CMakeFiles/CMakeTmp'
make[1]: Warning: File 'CMakeFiles/cmTC_5f2f8.dir/flags.make' has modification time 1.9 s in the future
Building C object CMakeFiles/cmTC_5f2f8.dir/src.c.o
/usr/bin/cc   -DCMAKE_HAVE_LIBC_PTHREAD   -o CMakeFiles/cmTC_5f2f8.dir/src.c.o   -c /mnt/c/Users/LENOVO/Documents/新建文件夹/build/build/CMakeFiles/CMakeTmp/src.c
Linking C executable cmTC_5f2f8
/usr/bin/cmake -E cmake_link_script CMakeFiles/cmTC_5f2f8.dir/link.txt --verbose=1
/usr/bin/cc  -DCMAKE_HAVE_LIBC_PTHREAD    -rdynamic CMakeFiles/cmTC_5f2f8.dir/src.c.o  -o cmTC_5f2f8 
/usr/bin/ld: CMakeFiles/cmTC_5f2f8.dir/src.c.o: in function `main':
src.c:(.text+0x46): undefined reference to `pthread_create'
/usr/bin/ld: src.c:(.text+0x52): undefined reference to `pthread_detach'
/usr/bin/ld: src.c:(.text+0x63): undefined reference to `pthread_join'
collect2: error: ld returned 1 exit status
make[1]: *** [CMakeFiles/cmTC_5f2f8.dir/build.make:87: cmTC_5f2f8] Error 1
make[1]: Leaving directory '/mnt/c/Users/LENOVO/Documents/新建文件夹/build/build/CMakeFiles/CMakeTmp'
make: *** [Makefile:121: cmTC_5f2f8/fast] Error 2


Source file was:
#include <pthread.h>

void* test_func(void* data)
{
  return data;
}

int main(void)
{
  pthread_t thread;
  pthread_create(&thread, NULL, test_func, NULL);
  pthread_detach(thread);
  pthread_join(thread, NULL);
  pthread_atfork(NULL, NULL, NULL);
  pthread_exit(NULL);

  return 0;
}

Determining if the function pthread_create exists in the pthreads failed with the following output:
Change Dir: /mnt/c/Users/LENOVO/Documents/新建文件夹/build/build/CMakeFiles/CMakeTmp

Run Build Command(s):/usr/bin/make cmTC_6e37d/fast && make: Warning: File 'Makefile' has modification time 1.9 s in the future
/usr/bin/make -f CMakeFiles/cmTC_6e37d.dir/build.make CMakeFiles/cmTC_6e37d.dir/build
make[1]: Entering directory '/mnt/c/Users/LENOVO/Documents/新建文件夹/build/build/CMakeFiles/CMakeTmp'
make[1]: Warning: File 'CMakeFiles/cmTC_6e37d.dir/flags.make' has modification time 1.8 s in the future
Building C object CMakeFiles/cmTC_6e37d.dir/CheckFunctionExists.c.o
/usr/bin/cc   -DCHECK_FUNCTION_EXISTS=pthread_create   -o CMakeFiles/cmTC_6e37d.dir/CheckFunctionExists.c.o   -c /usr/share/cmake-3.16/Modules/CheckFunctionExists.c
Linking C executable cmTC_6e37d
/usr/bin/cmake -E cmake_link_script CMakeFiles/cmTC_6e37d.dir/link.txt --verbose=1
/usr/bin/cc  -DCHECK_FUNCTION_EXISTS=pthread_create    -rdynamic CMakeFiles/cmTC_6e37d.dir/CheckFunctionExists.c.o  -o cmTC_6e37d  -lpthreads 
/usr/bin/ld: cannot find -lpthreads
collect2: error: ld returned 1 exit status
make[1]: *** [CMakeFiles/cmTC_6e37d.dir/build.make:87: cmTC_6e37d] Error 1
make[1]: Leaving directory '/mnt/c/Users/LENOVO/Documents/新建文件夹/build/build/CMakeFiles/CMakeTmp'
make: *** [Makefile:121: cmTC_6e37d/fast] Error 2



