Determining if the function sgemm_ exists failed with the following output:
Change Dir: /mnt/c/Users/LENOVO/Documents/Cdata/Project/CMakeFiles/CMakeTmp

Run Build Command(s):/usr/bin/make cmTC_f4e73/fast && /usr/bin/make -f CMakeFiles/cmTC_f4e73.dir/build.make CMakeFiles/cmTC_f4e73.dir/build
make[1]: Entering directory '/mnt/c/Users/LENOVO/Documents/Cdata/Project/CMakeFiles/CMakeTmp'
Building C object CMakeFiles/cmTC_f4e73.dir/CheckFunctionExists.c.o
/usr/bin/cc   -DCHECK_FUNCTION_EXISTS=sgemm_   -o CMakeFiles/cmTC_f4e73.dir/CheckFunctionExists.c.o   -c /usr/share/cmake-3.16/Modules/CheckFunctionExists.c
Linking C executable cmTC_f4e73
/usr/bin/cmake -E cmake_link_script CMakeFiles/cmTC_f4e73.dir/link.txt --verbose=1
/usr/bin/cc  -DCHECK_FUNCTION_EXISTS=sgemm_    CMakeFiles/cmTC_f4e73.dir/CheckFunctionExists.c.o  -o cmTC_f4e73 
/usr/bin/ld: CMakeFiles/cmTC_f4e73.dir/CheckFunctionExists.c.o: in function `main':
CheckFunctionExists.c:(.text+0x14): undefined reference to `sgemm_'
collect2: error: ld returned 1 exit status
make[1]: *** [CMakeFiles/cmTC_f4e73.dir/build.make:87: cmTC_f4e73] Error 1
make[1]: Leaving directory '/mnt/c/Users/LENOVO/Documents/Cdata/Project/CMakeFiles/CMakeTmp'
make: *** [Makefile:121: cmTC_f4e73/fast] Error 2



Performing C SOURCE FILE Test CMAKE_HAVE_LIBC_PTHREAD failed with the following output:
Change Dir: /mnt/c/Users/LENOVO/Documents/Cdata/Project/CMakeFiles/CMakeTmp

Run Build Command(s):/usr/bin/make cmTC_133e4/fast && /usr/bin/make -f CMakeFiles/cmTC_133e4.dir/build.make CMakeFiles/cmTC_133e4.dir/build
make[1]: Entering directory '/mnt/c/Users/LENOVO/Documents/Cdata/Project/CMakeFiles/CMakeTmp'
Building C object CMakeFiles/cmTC_133e4.dir/src.c.o
/usr/bin/cc   -DCMAKE_HAVE_LIBC_PTHREAD   -o CMakeFiles/cmTC_133e4.dir/src.c.o   -c /mnt/c/Users/LENOVO/Documents/Cdata/Project/CMakeFiles/CMakeTmp/src.c
Linking C executable cmTC_133e4
/usr/bin/cmake -E cmake_link_script CMakeFiles/cmTC_133e4.dir/link.txt --verbose=1
/usr/bin/cc  -DCMAKE_HAVE_LIBC_PTHREAD    CMakeFiles/cmTC_133e4.dir/src.c.o  -o cmTC_133e4 
/usr/bin/ld: CMakeFiles/cmTC_133e4.dir/src.c.o: in function `main':
src.c:(.text+0x46): undefined reference to `pthread_create'
/usr/bin/ld: src.c:(.text+0x52): undefined reference to `pthread_detach'
/usr/bin/ld: src.c:(.text+0x63): undefined reference to `pthread_join'
collect2: error: ld returned 1 exit status
make[1]: *** [CMakeFiles/cmTC_133e4.dir/build.make:87: cmTC_133e4] Error 1
make[1]: Leaving directory '/mnt/c/Users/LENOVO/Documents/Cdata/Project/CMakeFiles/CMakeTmp'
make: *** [Makefile:121: cmTC_133e4/fast] Error 2


Source file was:
#include <pthread.h>

void* test_func(void* data)
{
  return data;
}

int main(void)
{
  pthread_t thread;
  pthread_create(&thread, NULL, test_func, NULL);
  pthread_detach(thread);
  pthread_join(thread, NULL);
  pthread_atfork(NULL, NULL, NULL);
  pthread_exit(NULL);

  return 0;
}

Determining if the function pthread_create exists in the pthreads failed with the following output:
Change Dir: /mnt/c/Users/LENOVO/Documents/Cdata/Project/CMakeFiles/CMakeTmp

Run Build Command(s):/usr/bin/make cmTC_276bf/fast && /usr/bin/make -f CMakeFiles/cmTC_276bf.dir/build.make CMakeFiles/cmTC_276bf.dir/build
make[1]: Entering directory '/mnt/c/Users/LENOVO/Documents/Cdata/Project/CMakeFiles/CMakeTmp'
Building C object CMakeFiles/cmTC_276bf.dir/CheckFunctionExists.c.o
/usr/bin/cc   -DCHECK_FUNCTION_EXISTS=pthread_create   -o CMakeFiles/cmTC_276bf.dir/CheckFunctionExists.c.o   -c /usr/share/cmake-3.16/Modules/CheckFunctionExists.c
Linking C executable cmTC_276bf
/usr/bin/cmake -E cmake_link_script CMakeFiles/cmTC_276bf.dir/link.txt --verbose=1
/usr/bin/cc  -DCHECK_FUNCTION_EXISTS=pthread_create    CMakeFiles/cmTC_276bf.dir/CheckFunctionExists.c.o  -o cmTC_276bf  -lpthreads 
/usr/bin/ld: cannot find -lpthreads
collect2: error: ld returned 1 exit status
make[1]: *** [CMakeFiles/cmTC_276bf.dir/build.make:87: cmTC_276bf] Error 1
make[1]: Leaving directory '/mnt/c/Users/LENOVO/Documents/Cdata/Project/CMakeFiles/CMakeTmp'
make: *** [Makefile:121: cmTC_276bf/fast] Error 2



